TN:
SF:src\attendances\attendances.controller.ts
FN:23,(anonymous_4)
FN:26,(anonymous_5)
FN:31,(anonymous_6)
FN:36,(anonymous_7)
FN:52,(anonymous_8)
FN:57,(anonymous_9)
FN:66,(anonymous_10)
FN:71,(anonymous_11)
FN:79,(anonymous_12)
FN:84,(anonymous_13)
FN:89,(anonymous_14)
FN:94,(anonymous_15)
FN:99,(anonymous_16)
FNF:13
FNH:9
FNDA:5,(anonymous_4)
FNDA:1,(anonymous_5)
FNDA:1,(anonymous_6)
FNDA:8,(anonymous_7)
FNDA:0,(anonymous_8)
FNDA:3,(anonymous_9)
FNDA:1,(anonymous_10)
FNDA:1,(anonymous_11)
FNDA:0,(anonymous_12)
FNDA:1,(anonymous_13)
FNDA:0,(anonymous_14)
FNDA:0,(anonymous_15)
FNDA:1,(anonymous_16)
DA:1,5
DA:13,5
DA:14,5
DA:15,5
DA:16,5
DA:17,5
DA:18,5
DA:22,5
DA:23,5
DA:26,5
DA:27,1
DA:31,5
DA:32,1
DA:36,5
DA:42,8
DA:52,5
DA:53,0
DA:57,5
DA:62,3
DA:66,5
DA:67,1
DA:71,5
DA:75,1
DA:79,5
DA:80,0
DA:84,5
DA:85,1
DA:89,5
DA:90,0
DA:94,5
DA:95,0
DA:99,5
DA:100,1
LF:33
LH:29
BRDA:47,0,0,2
BRDA:47,0,1,6
BRDA:26,1,0,5
BRDA:26,1,1,0
BRDA:26,2,0,5
BRDA:26,2,1,5
BRDA:39,3,0,0
BRDA:39,3,1,5
BRDA:39,4,0,5
BRDA:39,4,1,5
BRDA:73,5,0,5
BRDA:73,5,1,0
BRDA:73,6,0,5
BRDA:73,6,1,5
BRDA:23,7,0,5
BRDA:23,7,1,0
BRDA:23,8,0,5
BRDA:23,8,1,5
BRF:18
BRH:14
end_of_record
TN:
SF:src\attendances\attendances.service.ts
FN:24,(anonymous_4)
FN:32,(anonymous_5)
FN:61,(anonymous_6)
FN:80,(anonymous_7)
FN:135,(anonymous_8)
FN:170,(anonymous_9)
FN:183,(anonymous_10)
FN:193,(anonymous_11)
FN:205,(anonymous_12)
FN:227,(anonymous_13)
FN:236,(anonymous_14)
FN:245,(anonymous_15)
FN:254,(anonymous_16)
FN:263,(anonymous_17)
FNF:14
FNH:9
FNDA:5,(anonymous_4)
FNDA:1,(anonymous_5)
FNDA:0,(anonymous_6)
FNDA:1,(anonymous_7)
FNDA:8,(anonymous_8)
FNDA:4,(anonymous_9)
FNDA:0,(anonymous_10)
FNDA:3,(anonymous_11)
FNDA:1,(anonymous_12)
FNDA:0,(anonymous_13)
FNDA:1,(anonymous_14)
FNDA:0,(anonymous_15)
FNDA:0,(anonymous_16)
FNDA:1,(anonymous_17)
DA:1,5
DA:8,5
DA:9,5
DA:10,5
DA:11,5
DA:12,5
DA:13,5
DA:14,5
DA:15,5
DA:17,5
DA:23,5
DA:26,5
DA:27,5
DA:28,5
DA:29,5
DA:33,1
DA:37,0
DA:42,0
DA:46,0
DA:53,0
DA:54,0
DA:59,0
DA:60,0
DA:61,0
DA:65,0
DA:66,0
DA:77,0
DA:81,1
DA:83,0
DA:88,0
DA:90,0
DA:91,0
DA:96,0
DA:98,0
DA:99,0
DA:106,0
DA:107,0
DA:114,0
DA:118,0
DA:119,0
DA:122,0
DA:132,0
DA:144,8
DA:149,8
DA:150,8
DA:151,3
DA:154,8
DA:155,1
DA:158,8
DA:159,3
DA:162,8
DA:163,2
DA:167,8
DA:171,4
DA:176,4
DA:177,4
DA:180,0
DA:184,0
DA:186,0
DA:194,3
DA:196,3
DA:206,1
DA:207,0
DA:211,0
DA:212,0
DA:214,0
DA:215,0
DA:219,0
DA:224,0
DA:228,0
DA:230,0
DA:231,0
DA:233,0
DA:237,1
DA:239,0
DA:240,0
DA:242,0
DA:246,0
DA:248,0
DA:249,0
DA:251,0
DA:255,0
DA:257,0
DA:258,0
DA:260,0
DA:264,1
DA:266,0
LF:87
LH:36
BRDA:53,0,0,0
BRDA:53,0,1,0
BRDA:65,1,0,0
BRDA:65,1,1,0
BRDA:72,2,0,0
BRDA:72,2,1,0
BRDA:90,3,0,0
BRDA:90,3,1,0
BRDA:106,4,0,0
BRDA:106,4,1,0
BRDA:118,5,0,0
BRDA:118,5,1,0
BRDA:149,6,0,8
BRDA:149,6,1,0
BRDA:150,7,0,3
BRDA:150,7,1,5
BRDA:154,8,0,1
BRDA:154,8,1,7
BRDA:158,9,0,3
BRDA:158,9,1,5
BRDA:162,10,0,2
BRDA:162,10,1,6
BRDA:176,11,0,4
BRDA:176,11,1,0
BRDA:200,12,0,1
BRDA:200,12,1,2
BRDA:200,13,0,3
BRDA:200,13,1,1
BRDA:208,14,0,0
BRDA:208,14,1,0
BRDA:211,15,0,0
BRDA:211,15,1,0
BRDA:214,16,0,0
BRDA:214,16,1,0
BRDA:26,17,0,5
BRDA:26,17,1,0
BRDA:26,18,0,5
BRDA:26,18,1,5
BRDA:26,19,0,5
BRDA:26,19,1,0
BRDA:26,20,0,5
BRDA:26,20,1,5
BRDA:27,21,0,5
BRDA:27,21,1,0
BRDA:27,22,0,5
BRDA:27,22,1,5
BRDA:28,23,0,5
BRDA:28,23,1,0
BRDA:28,24,0,5
BRDA:28,24,1,5
BRF:50
BRH:26
end_of_record
TN:
SF:src\auth\auth.service.ts
FN:7,(anonymous_2)
FN:9,(anonymous_3)
FN:10,(anonymous_4)
FNF:3
FNH:3
FNDA:5,(anonymous_2)
FNDA:11,(anonymous_3)
FNDA:11,(anonymous_4)
DA:1,5
DA:2,5
DA:6,5
DA:7,5
DA:10,11
DA:11,11
DA:12,11
LF:7
LH:7
BRDA:10,0,0,11
BRDA:10,0,1,0
BRDA:7,1,0,5
BRDA:7,1,1,0
BRDA:7,2,0,5
BRDA:7,2,1,5
BRF:6
BRH:4
end_of_record
TN:
SF:src\auth\guards\jwt-auth.guard.ts
FN:8,(anonymous_2)
FN:12,(anonymous_3)
FNF:2
FNH:2
FNDA:10,(anonymous_2)
FNDA:318,(anonymous_3)
DA:1,5
DA:2,5
DA:3,5
DA:4,5
DA:7,5
DA:8,10
DA:9,10
DA:13,318
DA:17,318
DA:18,62
DA:20,256
LF:11
LH:11
BRDA:17,0,0,62
BRDA:17,0,1,256
BRDA:8,1,0,5
BRDA:8,1,1,0
BRDA:8,2,0,5
BRDA:8,2,1,5
BRF:6
BRH:5
end_of_record
TN:
SF:src\auth\guards\local-auth.guard.ts
FNF:0
FNH:0
DA:1,5
DA:2,5
DA:5,5
LF:3
LH:3
BRF:0
BRH:0
end_of_record
TN:
SF:src\auth\guards\roles.guard.ts
FN:17,(anonymous_2)
FN:19,(anonymous_3)
FN:44,(anonymous_4)
FNF:3
FNH:3
FNDA:5,(anonymous_2)
FNDA:155,(anonymous_3)
FNDA:124,(anonymous_4)
DA:1,5
DA:2,5
DA:3,5
DA:5,5
DA:16,5
DA:17,5
DA:20,155
DA:24,155
DA:25,31
DA:28,124
DA:33,124
DA:34,0
DA:37,124
DA:38,124
DA:40,124
DA:41,0
DA:44,124
LF:17
LH:15
BRDA:24,0,0,31
BRDA:24,0,1,124
BRDA:33,1,0,0
BRDA:33,1,1,124
BRDA:40,2,0,0
BRDA:40,2,1,124
BRDA:40,3,0,124
BRDA:40,3,1,124
BRDA:17,4,0,5
BRDA:17,4,1,0
BRDA:17,5,0,5
BRDA:17,5,1,5
BRF:12
BRH:9
end_of_record
TN:
SF:src\auth\strategies\jwt.strategy.ts
FN:8,(anonymous_2)
FN:16,(anonymous_3)
FNF:2
FNH:2
FNDA:5,(anonymous_2)
FNDA:247,(anonymous_3)
DA:1,5
DA:2,5
DA:3,5
DA:7,5
DA:9,5
DA:17,247
LF:6
LH:6
BRDA:20,0,0,247
BRDA:20,0,1,0
BRF:2
BRH:1
end_of_record
TN:
SF:src\class-sessions\class-sessions.controller.ts
FN:26,(anonymous_4)
FN:29,(anonymous_5)
FN:34,(anonymous_6)
FN:39,(anonymous_7)
FN:50,(anonymous_8)
FN:61,(anonymous_9)
FN:70,(anonymous_10)
FN:75,(anonymous_11)
FN:83,(anonymous_12)
FN:88,(anonymous_13)
FN:94,(anonymous_14)
FN:99,(anonymous_15)
FN:104,(anonymous_16)
FNF:13
FNH:1
FNDA:5,(anonymous_4)
FNDA:0,(anonymous_5)
FNDA:0,(anonymous_6)
FNDA:0,(anonymous_7)
FNDA:0,(anonymous_8)
FNDA:0,(anonymous_9)
FNDA:0,(anonymous_10)
FNDA:0,(anonymous_11)
FNDA:0,(anonymous_12)
FNDA:0,(anonymous_13)
FNDA:0,(anonymous_14)
FNDA:0,(anonymous_15)
FNDA:0,(anonymous_16)
DA:1,5
DA:14,5
DA:15,5
DA:16,5
DA:17,5
DA:18,5
DA:19,5
DA:20,5
DA:21,5
DA:25,5
DA:26,5
DA:29,5
DA:30,0
DA:34,5
DA:35,0
DA:39,5
DA:43,0
DA:50,5
DA:54,0
DA:61,5
DA:62,0
DA:70,5
DA:71,0
DA:75,5
DA:79,0
DA:83,5
DA:84,0
DA:88,5
DA:89,0
DA:94,5
DA:95,0
DA:99,5
DA:100,0
DA:104,5
DA:105,0
LF:35
LH:23
BRDA:29,0,0,5
BRDA:29,0,1,0
BRDA:29,1,0,5
BRDA:29,1,1,5
BRDA:34,2,0,5
BRDA:34,2,1,0
BRDA:34,3,0,5
BRDA:34,3,1,5
BRDA:41,4,0,5
BRDA:41,4,1,0
BRDA:41,5,0,5
BRDA:41,5,1,5
BRDA:52,6,0,5
BRDA:52,6,1,0
BRDA:52,7,0,5
BRDA:52,7,1,5
BRDA:61,8,0,5
BRDA:61,8,1,0
BRDA:61,9,0,5
BRDA:61,9,1,5
BRDA:77,10,0,5
BRDA:77,10,1,0
BRDA:77,11,0,5
BRDA:77,11,1,5
BRDA:26,12,0,5
BRDA:26,12,1,0
BRDA:26,13,0,5
BRDA:26,13,1,5
BRF:28
BRH:21
end_of_record
TN:
SF:src\class-sessions\class-sessions.service.ts
FN:17,(anonymous_4)
FN:24,(anonymous_5)
FN:60,(anonymous_6)
FN:99,(anonymous_7)
FN:112,(anonymous_8)
FN:128,(anonymous_9)
FN:144,(anonymous_10)
FN:159,(anonymous_11)
FN:189,(anonymous_12)
FN:194,(anonymous_13)
FN:199,(anonymous_14)
FN:204,(anonymous_15)
FN:214,(anonymous_16)
FNF:13
FNH:2
FNDA:5,(anonymous_4)
FNDA:0,(anonymous_5)
FNDA:0,(anonymous_6)
FNDA:2,(anonymous_7)
FNDA:0,(anonymous_8)
FNDA:0,(anonymous_9)
FNDA:0,(anonymous_10)
FNDA:0,(anonymous_11)
FNDA:0,(anonymous_12)
FNDA:0,(anonymous_13)
FNDA:0,(anonymous_14)
FNDA:0,(anonymous_15)
FNDA:0,(anonymous_16)
DA:1,5
DA:8,5
DA:9,5
DA:10,5
DA:11,5
DA:12,5
DA:13,5
DA:16,5
DA:19,5
DA:20,5
DA:21,5
DA:25,0
DA:29,0
DA:34,0
DA:38,0
DA:45,0
DA:46,0
DA:51,0
DA:57,0
DA:70,0
DA:75,0
DA:76,0
DA:77,0
DA:80,0
DA:81,0
DA:84,0
DA:85,0
DA:86,0
DA:87,0
DA:88,0
DA:89,0
DA:92,0
DA:93,0
DA:96,0
DA:100,2
DA:105,2
DA:106,2
DA:109,0
DA:113,0
DA:117,0
DA:118,0
DA:121,0
DA:129,0
DA:133,0
DA:134,0
DA:137,0
DA:149,0
DA:160,0
DA:162,0
DA:163,0
DA:166,0
DA:169,0
DA:170,0
DA:174,0
DA:178,0
DA:181,0
DA:186,0
DA:190,0
DA:191,0
DA:195,0
DA:196,0
DA:200,0
DA:201,0
DA:205,0
DA:206,0
DA:207,0
DA:210,0
DA:211,0
DA:215,0
DA:216,0
DA:217,0
DA:220,0
DA:221,0
DA:224,0
DA:225,0
LF:75
LH:14
BRDA:45,0,0,0
BRDA:45,0,1,0
BRDA:75,1,0,0
BRDA:75,1,1,0
BRDA:76,2,0,0
BRDA:76,2,1,0
BRDA:80,3,0,0
BRDA:80,3,1,0
BRDA:84,4,0,0
BRDA:84,4,1,0
BRDA:84,5,0,0
BRDA:84,5,1,0
BRDA:86,6,0,0
BRDA:86,6,1,0
BRDA:88,7,0,0
BRDA:88,7,1,0
BRDA:92,8,0,0
BRDA:92,8,1,0
BRDA:105,9,0,2
BRDA:105,9,1,0
BRDA:112,10,0,0
BRDA:117,11,0,0
BRDA:117,11,1,0
BRDA:128,12,0,0
BRDA:133,13,0,0
BRDA:133,13,1,0
BRDA:147,14,0,0
BRDA:152,15,0,0
BRDA:152,15,1,0
BRDA:162,16,0,0
BRDA:162,16,1,0
BRDA:169,17,0,0
BRDA:169,17,1,0
BRDA:206,18,0,0
BRDA:206,18,1,0
BRDA:216,19,0,0
BRDA:216,19,1,0
BRDA:220,20,0,0
BRDA:220,20,1,0
BRDA:19,21,0,5
BRDA:19,21,1,0
BRDA:19,22,0,5
BRDA:19,22,1,5
BRDA:19,23,0,5
BRDA:19,23,1,0
BRDA:19,24,0,5
BRDA:19,24,1,5
BRDA:20,25,0,5
BRDA:20,25,1,0
BRDA:20,26,0,5
BRDA:20,26,1,5
BRF:51
BRH:10
end_of_record
TN:
SF:src\classes\classes.controller.ts
FN:24,(anonymous_4)
FN:27,(anonymous_5)
FN:32,(anonymous_6)
FN:37,(anonymous_7)
FN:42,(anonymous_8)
FN:50,(anonymous_9)
FN:55,(anonymous_10)
FN:60,(anonymous_11)
FN:69,(anonymous_12)
FNF:9
FNH:2
FNDA:5,(anonymous_4)
FNDA:1,(anonymous_5)
FNDA:0,(anonymous_6)
FNDA:0,(anonymous_7)
FNDA:0,(anonymous_8)
FNDA:0,(anonymous_9)
FNDA:0,(anonymous_10)
FNDA:0,(anonymous_11)
FNDA:0,(anonymous_12)
DA:1,5
DA:14,5
DA:15,5
DA:16,5
DA:17,5
DA:18,5
DA:19,5
DA:23,5
DA:24,5
DA:27,5
DA:28,1
DA:32,5
DA:33,0
DA:37,5
DA:38,0
DA:42,5
DA:46,0
DA:50,5
DA:51,0
DA:55,5
DA:56,0
DA:60,5
DA:64,0
DA:69,5
DA:73,0
LF:25
LH:18
BRDA:27,0,0,5
BRDA:27,0,1,0
BRDA:27,1,0,5
BRDA:27,1,1,5
BRDA:32,2,0,5
BRDA:32,2,1,0
BRDA:32,3,0,5
BRDA:32,3,1,5
BRDA:44,4,0,5
BRDA:44,4,1,0
BRDA:44,5,0,5
BRDA:44,5,1,5
BRDA:24,6,0,5
BRDA:24,6,1,0
BRDA:24,7,0,5
BRDA:24,7,1,5
BRF:16
BRH:12
end_of_record
TN:
SF:src\classes\classes.service.ts
FN:12,(anonymous_4)
FN:18,(anonymous_5)
FN:30,(anonymous_6)
FN:41,(anonymous_7)
FN:52,(anonymous_8)
FN:67,(anonymous_9)
FN:82,(anonymous_10)
FN:87,(anonymous_11)
FN:92,(anonymous_12)
FN:108,(anonymous_13)
FNF:10
FNH:2
FNDA:5,(anonymous_4)
FNDA:1,(anonymous_5)
FNDA:0,(anonymous_6)
FNDA:0,(anonymous_7)
FNDA:0,(anonymous_8)
FNDA:0,(anonymous_9)
FNDA:0,(anonymous_10)
FNDA:0,(anonymous_11)
FNDA:0,(anonymous_12)
FNDA:0,(anonymous_13)
DA:1,5
DA:4,5
DA:5,5
DA:6,5
DA:7,5
DA:8,5
DA:11,5
DA:14,5
DA:15,5
DA:19,1
DA:23,1
DA:27,1
DA:31,0
DA:35,0
DA:36,0
DA:38,0
DA:42,0
DA:46,0
DA:47,0
DA:49,0
DA:53,0
DA:57,0
DA:58,0
DA:61,0
DA:68,0
DA:70,0
DA:71,0
DA:74,0
DA:77,0
DA:79,0
DA:83,0
DA:84,0
DA:88,0
DA:89,0
DA:93,0
DA:94,0
DA:96,0
DA:98,0
DA:104,0
DA:105,0
DA:109,0
DA:111,0
DA:117,0
LF:43
LH:12
BRDA:30,0,0,0
BRDA:35,1,0,0
BRDA:35,1,1,0
BRDA:46,2,0,0
BRDA:46,2,1,0
BRDA:52,3,0,0
BRDA:57,4,0,0
BRDA:57,4,1,0
BRDA:70,5,0,0
BRDA:70,5,1,0
BRDA:14,6,0,5
BRDA:14,6,1,0
BRDA:14,7,0,5
BRDA:14,7,1,5
BRDA:14,8,0,5
BRDA:14,8,1,0
BRDA:14,9,0,5
BRDA:14,9,1,5
BRF:18
BRH:6
end_of_record
TN:
SF:src\common\decorators.ts
FN:5,(anonymous_0)
FN:8,(anonymous_1)
FNF:2
FNH:2
FNDA:10,(anonymous_0)
FNDA:25,(anonymous_1)
DA:1,5
DA:4,5
DA:5,10
DA:7,5
DA:8,5
DA:9,25
LF:6
LH:6
BRF:0
BRH:0
end_of_record
TN:
SF:src\common\enums.ts
FN:1,(anonymous_0)
FN:11,(anonymous_1)
FN:16,(anonymous_2)
FN:24,(anonymous_3)
FNF:4
FNH:4
FNDA:5,(anonymous_0)
FNDA:5,(anonymous_1)
FNDA:5,(anonymous_2)
FNDA:5,(anonymous_3)
DA:1,5
DA:2,5
DA:3,5
DA:4,5
DA:5,5
DA:6,5
DA:7,5
DA:8,5
DA:11,5
DA:12,5
DA:13,5
DA:16,5
DA:17,5
DA:18,5
DA:19,5
DA:20,5
DA:21,5
DA:24,5
DA:25,5
DA:26,5
DA:27,5
DA:28,5
DA:29,5
DA:30,5
DA:31,5
LF:25
LH:25
BRDA:1,0,0,5
BRDA:1,0,1,5
BRDA:11,1,0,5
BRDA:11,1,1,5
BRDA:16,2,0,5
BRDA:16,2,1,5
BRDA:24,3,0,5
BRDA:24,3,1,5
BRF:8
BRH:8
end_of_record
TN:
SF:src\common\interfaces\index.ts
FNF:0
FNH:0
DA:1,0
LF:1
LH:0
BRF:0
BRH:0
end_of_record
TN:
SF:src\common\utils\entity.util.ts
FN:8,(anonymous_0)
FN:20,(anonymous_1)
FN:25,(anonymous_2)
FN:40,(anonymous_3)
FN:45,(anonymous_4)
FN:55,(anonymous_5)
FN:60,(anonymous_6)
FN:71,(anonymous_7)
FNF:8
FNH:1
FNDA:0,(anonymous_0)
FNDA:0,(anonymous_1)
FNDA:0,(anonymous_2)
FNDA:0,(anonymous_3)
FNDA:0,(anonymous_4)
FNDA:0,(anonymous_5)
FNDA:0,(anonymous_6)
FNDA:4,(anonymous_7)
DA:1,5
DA:4,5
DA:13,0
DA:14,0
DA:25,0
DA:26,0
DA:27,0
DA:29,0
DA:30,0
DA:31,0
DA:45,0
DA:46,0
DA:47,0
DA:60,0
DA:61,0
DA:62,0
DA:64,0
DA:75,4
DA:76,0
LF:19
LH:3
BRDA:23,0,0,0
BRDA:26,1,0,0
BRDA:26,1,1,0
BRDA:30,2,0,0
BRDA:30,2,1,0
BRDA:46,3,0,0
BRDA:46,3,1,0
BRDA:61,4,0,0
BRDA:61,4,1,0
BRDA:75,5,0,0
BRDA:75,5,1,4
BRF:11
BRH:1
end_of_record
TN:
SF:src\common\utils\password.util.ts
FN:9,(anonymous_0)
FN:13,(anonymous_1)
FN:18,(anonymous_2)
FN:24,(anonymous_3)
FNF:4
FNH:4
FNDA:5,(anonymous_0)
FNDA:5,(anonymous_1)
FNDA:5,(anonymous_2)
FNDA:11,(anonymous_3)
DA:2,5
DA:4,5
DA:6,5
DA:10,5
DA:14,5
DA:15,5
DA:19,5
DA:25,11
LF:8
LH:8
BRDA:20,0,0,5
BRDA:20,0,1,0
BRF:2
BRH:1
end_of_record
TN:
SF:src\health\health.controller.ts
FN:8,(anonymous_2)
FNF:1
FNH:1
FNDA:1,(anonymous_2)
DA:1,5
DA:2,5
DA:5,5
DA:8,5
DA:9,1
LF:5
LH:5
BRF:0
BRH:0
end_of_record
TN:
SF:src\students\students.controller.ts
FN:30,(anonymous_4)
FN:37,(anonymous_5)
FN:66,(anonymous_6)
FN:79,(anonymous_7)
FN:93,(anonymous_8)
FNF:5
FNH:4
FNDA:5,(anonymous_4)
FNDA:5,(anonymous_5)
FNDA:6,(anonymous_6)
FNDA:1,(anonymous_7)
FNDA:0,(anonymous_8)
DA:1,5
DA:10,5
DA:11,5
DA:12,5
DA:13,5
DA:14,5
DA:22,5
DA:23,5
DA:24,5
DA:29,5
DA:30,5
DA:37,5
DA:38,5
DA:66,5
DA:67,6
DA:79,5
DA:80,1
DA:93,5
DA:94,0
LF:19
LH:18
BRDA:37,0,0,5
BRDA:37,0,1,0
BRDA:37,1,0,5
BRDA:37,1,1,5
BRDA:66,2,0,5
BRDA:66,2,1,0
BRDA:66,3,0,5
BRDA:66,3,1,5
BRDA:93,4,0,5
BRDA:93,4,1,0
BRDA:93,5,0,5
BRDA:93,5,1,5
BRDA:30,6,0,5
BRDA:30,6,1,0
BRDA:30,7,0,5
BRDA:30,7,1,5
BRF:16
BRH:12
end_of_record
TN:
SF:src\students\students.service.ts
FN:12,(anonymous_2)
FN:14,(anonymous_3)
FN:18,(anonymous_4)
FN:22,(anonymous_5)
FN:29,(anonymous_6)
FNF:5
FNH:4
FNDA:5,(anonymous_2)
FNDA:5,(anonymous_3)
FNDA:6,(anonymous_4)
FNDA:1,(anonymous_5)
FNDA:0,(anonymous_6)
DA:1,5
DA:5,5
DA:6,5
DA:11,5
DA:12,5
DA:15,5
DA:19,6
DA:23,1
DA:24,1
DA:26,0
DA:30,0
LF:11
LH:9
BRDA:24,0,0,1
BRDA:24,0,1,0
BRDA:12,1,0,5
BRDA:12,1,1,0
BRDA:12,2,0,5
BRDA:12,2,1,5
BRF:6
BRH:4
end_of_record
TN:
SF:src\teachers\teachers.controller.ts
FN:20,(anonymous_4)
FN:29,(anonymous_5)
FN:34,(anonymous_6)
FNF:3
FNH:3
FNDA:5,(anonymous_4)
FNDA:10,(anonymous_5)
FNDA:9,(anonymous_6)
DA:1,5
DA:10,5
DA:11,5
DA:12,5
DA:13,5
DA:14,5
DA:15,5
DA:19,5
DA:21,5
DA:22,5
DA:29,5
DA:30,10
DA:34,5
DA:35,9
LF:14
LH:14
BRDA:29,0,0,5
BRDA:29,0,1,0
BRDA:29,1,0,5
BRDA:29,1,1,5
BRDA:34,2,0,5
BRDA:34,2,1,0
BRDA:34,3,0,5
BRDA:34,3,1,5
BRDA:21,4,0,5
BRDA:21,4,1,0
BRDA:21,5,0,5
BRDA:21,5,1,5
BRDA:21,6,0,5
BRDA:21,6,1,0
BRDA:21,7,0,5
BRDA:21,7,1,5
BRF:16
BRH:12
end_of_record
TN:
SF:src\teachers\teachers.service.ts
FN:8,(anonymous_2)
FN:10,(anonymous_3)
FN:14,(anonymous_4)
FNF:3
FNH:3
FNDA:5,(anonymous_2)
FNDA:30,(anonymous_3)
FNDA:21,(anonymous_4)
DA:1,5
DA:2,5
DA:4,5
DA:7,5
DA:8,5
DA:11,30
DA:18,21
DA:19,21
DA:20,10
DA:23,11
DA:27,11
DA:28,1
DA:31,10
LF:13
LH:13
BRDA:19,0,0,10
BRDA:19,0,1,11
BRDA:19,1,0,21
BRDA:19,1,1,11
BRDA:27,2,0,1
BRDA:27,2,1,10
BRDA:8,3,0,5
BRDA:8,3,1,0
BRDA:8,4,0,5
BRDA:8,4,1,5
BRF:10
BRH:9
end_of_record
TN:
SF:src\teachers\strategies\local.strategy.ts
FN:9,(anonymous_2)
FN:13,(anonymous_3)
FNF:2
FNH:2
FNDA:5,(anonymous_2)
FNDA:21,(anonymous_3)
DA:1,5
DA:2,5
DA:3,5
DA:4,5
DA:8,5
DA:9,5
DA:10,5
DA:14,21
DA:18,21
DA:19,11
DA:21,10
LF:11
LH:11
BRDA:18,0,0,11
BRDA:18,0,1,10
BRDA:9,1,0,5
BRDA:9,1,1,0
BRDA:9,2,0,5
BRDA:9,2,1,5
BRF:6
BRH:5
end_of_record
TN:
SF:src\users\users.service.ts
FN:18,(anonymous_4)
FN:25,(anonymous_5)
FN:37,(anonymous_6)
FN:45,(anonymous_7)
FN:52,(anonymous_8)
FN:59,(anonymous_9)
FN:67,(anonymous_10)
FN:118,(anonymous_11)
FN:125,(anonymous_12)
FN:136,(anonymous_13)
FN:143,(anonymous_14)
FN:154,(anonymous_15)
FNF:12
FNH:10
FNDA:5,(anonymous_4)
FNDA:9,(anonymous_5)
FNDA:9,(anonymous_6)
FNDA:14,(anonymous_7)
FNDA:30,(anonymous_8)
FNDA:0,(anonymous_9)
FNDA:6,(anonymous_10)
FNDA:1,(anonymous_11)
FNDA:1,(anonymous_12)
FNDA:3,(anonymous_13)
FNDA:3,(anonymous_14)
FNDA:0,(anonymous_15)
DA:1,5
DA:6,5
DA:7,5
DA:8,5
DA:9,5
DA:10,5
DA:11,5
DA:12,5
DA:17,5
DA:20,5
DA:22,5
DA:31,9
DA:32,4
DA:34,9
DA:35,9
DA:37,9
DA:38,9
DA:40,9
DA:42,9
DA:46,14
DA:53,30
DA:60,0
DA:71,6
DA:72,6
DA:74,6
DA:80,6
DA:81,1
DA:86,6
DA:87,1
DA:90,6
DA:91,1
DA:94,6
DA:95,1
DA:99,6
DA:102,6
DA:105,6
DA:107,6
DA:119,1
DA:120,1
DA:121,0
DA:124,1
DA:125,1
DA:127,1
DA:128,0
DA:131,1
DA:133,1
DA:137,3
DA:138,3
DA:139,0
DA:142,3
DA:143,3
DA:145,3
DA:146,0
DA:149,3
DA:151,3
DA:155,0
DA:156,0
LF:57
LH:50
BRDA:31,0,0,4
BRDA:31,0,1,5
BRDA:71,1,0,0
BRDA:71,2,0,0
BRDA:80,3,0,1
BRDA:80,3,1,5
BRDA:86,4,0,1
BRDA:86,4,1,5
BRDA:90,5,0,1
BRDA:90,5,1,5
BRDA:94,6,0,1
BRDA:94,6,1,5
BRDA:120,7,0,0
BRDA:120,7,1,1
BRDA:127,8,0,0
BRDA:127,8,1,1
BRDA:138,9,0,0
BRDA:138,9,1,3
BRDA:145,10,0,0
BRDA:145,10,1,3
BRDA:20,11,0,5
BRDA:20,11,1,0
BRDA:20,12,0,5
BRDA:20,12,1,5
BRDA:20,13,0,5
BRDA:20,13,1,0
BRDA:20,14,0,5
BRDA:20,14,1,5
BRF:28
BRH:20
end_of_record
